{"C:\\Proyectos\\tareadebd2\\Reserva-Inteligente\\src\\index.ts": {"path":"C:\\Proyectos\\tareadebd2\\Reserva-Inteligente\\src\\index.ts","statementMap":{"0":{"start":{"line":2,"column":0},"end":{"line":2,"column":30}},"1":{"start":{"line":3,"column":0},"end":{"line":3,"column":28}},"2":{"start":{"line":4,"column":0},"end":{"line":4,"column":44}},"3":{"start":{"line":5,"column":0},"end":{"line":5,"column":47}},"4":{"start":{"line":6,"column":0},"end":{"line":6,"column":64}},"5":{"start":{"line":7,"column":0},"end":{"line":7,"column":45}},"6":{"start":{"line":8,"column":0},"end":{"line":8,"column":67}},"7":{"start":{"line":9,"column":0},"end":{"line":9,"column":49}},"8":{"start":{"line":11,"column":0},"end":{"line":11,"column":16}},"9":{"start":{"line":12,"column":12},"end":{"line":12,"column":21}},"10":{"start":{"line":14,"column":0},"end":{"line":14,"column":24}},"11":{"start":{"line":16,"column":0},"end":{"line":16,"column":29}},"12":{"start":{"line":17,"column":0},"end":{"line":17,"column":31}},"13":{"start":{"line":18,"column":0},"end":{"line":18,"column":42}},"14":{"start":{"line":19,"column":0},"end":{"line":19,"column":30}},"15":{"start":{"line":20,"column":0},"end":{"line":20,"column":44}},"16":{"start":{"line":21,"column":0},"end":{"line":21,"column":32}},"17":{"start":{"line":23,"column":13},"end":{"line":23,"column":37}},"18":{"start":{"line":24,"column":0},"end":{"line":28,"column":1}},"19":{"start":{"line":25,"column":2},"end":{"line":27,"column":5}},"20":{"start":{"line":26,"column":4},"end":{"line":26,"column":56}},"21":{"start":{"line":31,"column":0},"end":{"line":31,"column":19}}},"fnMap":{"0":{"name":"(anonymous_1)","decl":{"start":{"line":25,"column":19},"end":{"line":25,"column":22}},"loc":{"start":{"line":25,"column":24},"end":{"line":27,"column":3}}}},"branchMap":{"0":{"loc":{"start":{"line":23,"column":13},"end":{"line":23,"column":37}},"type":"binary-expr","locations":[{"start":{"line":23,"column":13},"end":{"line":23,"column":29}},{"start":{"line":23,"column":33},"end":{"line":23,"column":37}}]},"1":{"loc":{"start":{"line":24,"column":0},"end":{"line":28,"column":1}},"type":"if","locations":[{"start":{"line":24,"column":0},"end":{"line":28,"column":1}}]}},"s":{"0":6,"1":6,"2":6,"3":6,"4":6,"5":6,"6":6,"7":6,"8":6,"9":6,"10":6,"11":6,"12":6,"13":6,"14":6,"15":6,"16":6,"17":6,"18":6,"19":0,"20":0,"21":6},"f":{"0":0},"b":{"0":[6,0],"1":[0]}}
,"C:\\Proyectos\\tareadebd2\\Reserva-Inteligente\\src\\auth\\auth.controller.ts": {"path":"C:\\Proyectos\\tareadebd2\\Reserva-Inteligente\\src\\auth\\auth.controller.ts","statementMap":{"0":{"start":{"line":2,"column":0},"end":{"line":2,"column":30}},"1":{"start":{"line":3,"column":0},"end":{"line":3,"column":31}},"2":{"start":{"line":4,"column":0},"end":{"line":4,"column":28}},"3":{"start":{"line":5,"column":0},"end":{"line":5,"column":36}},"4":{"start":{"line":7,"column":0},"end":{"line":7,"column":16}},"5":{"start":{"line":9,"column":24},"end":{"line":34,"column":2}},"6":{"start":{"line":9,"column":77},"end":{"line":34,"column":2}},"7":{"start":{"line":10,"column":36},"end":{"line":10,"column":44}},"8":{"start":{"line":12,"column":2},"end":{"line":33,"column":3}},"9":{"start":{"line":13,"column":23},"end":{"line":13,"column":91}},"10":{"start":{"line":14,"column":4},"end":{"line":17,"column":5}},"11":{"start":{"line":15,"column":6},"end":{"line":15,"column":61}},"12":{"start":{"line":16,"column":6},"end":{"line":16,"column":13}},"13":{"start":{"line":19,"column":27},"end":{"line":19,"column":58}},"14":{"start":{"line":21,"column":19},"end":{"line":23,"column":null}},"15":{"start":{"line":26,"column":4},"end":{"line":29,"column":7}},"16":{"start":{"line":31,"column":4},"end":{"line":31,"column":23}},"17":{"start":{"line":32,"column":4},"end":{"line":32,"column":60}},"18":{"start":{"line":9,"column":13},"end":{"line":9,"column":24}},"19":{"start":{"line":36,"column":21},"end":{"line":69,"column":2}},"20":{"start":{"line":36,"column":74},"end":{"line":69,"column":2}},"21":{"start":{"line":37,"column":30},"end":{"line":37,"column":38}},"22":{"start":{"line":39,"column":2},"end":{"line":68,"column":3}},"23":{"start":{"line":41,"column":23},"end":{"line":41,"column":91}},"24":{"start":{"line":42,"column":4},"end":{"line":45,"column":5}},"25":{"start":{"line":43,"column":6},"end":{"line":43,"column":65}},"26":{"start":{"line":44,"column":6},"end":{"line":44,"column":13}},"27":{"start":{"line":47,"column":17},"end":{"line":47,"column":35}},"28":{"start":{"line":49,"column":20},"end":{"line":49,"column":65}},"29":{"start":{"line":50,"column":4},"end":{"line":53,"column":5}},"30":{"start":{"line":51,"column":6},"end":{"line":51,"column":65}},"31":{"start":{"line":52,"column":6},"end":{"line":52,"column":13}},"32":{"start":{"line":55,"column":18},"end":{"line":58,"column":null}},"33":{"start":{"line":61,"column":4},"end":{"line":64,"column":7}},"34":{"start":{"line":66,"column":4},"end":{"line":66,"column":23}},"35":{"start":{"line":67,"column":4},"end":{"line":67,"column":60}},"36":{"start":{"line":36,"column":13},"end":{"line":36,"column":21}}},"fnMap":{"0":{"name":"(anonymous_8)","decl":{"start":{"line":9,"column":24},"end":{"line":9,"column":31}},"loc":{"start":{"line":9,"column":77},"end":{"line":34,"column":2}}},"1":{"name":"(anonymous_9)","decl":{"start":{"line":9,"column":77},"end":{"line":9,"column":null}},"loc":{"start":{"line":9,"column":77},"end":{"line":34,"column":1}}},"2":{"name":"(anonymous_10)","decl":{"start":{"line":36,"column":21},"end":{"line":36,"column":28}},"loc":{"start":{"line":36,"column":74},"end":{"line":69,"column":2}}},"3":{"name":"(anonymous_11)","decl":{"start":{"line":36,"column":74},"end":{"line":36,"column":null}},"loc":{"start":{"line":36,"column":74},"end":{"line":69,"column":1}}}},"branchMap":{"0":{"loc":{"start":{"line":14,"column":4},"end":{"line":17,"column":5}},"type":"if","locations":[{"start":{"line":14,"column":4},"end":{"line":17,"column":5}}]},"1":{"loc":{"start":{"line":42,"column":4},"end":{"line":45,"column":5}},"type":"if","locations":[{"start":{"line":42,"column":4},"end":{"line":45,"column":5}}]},"2":{"loc":{"start":{"line":50,"column":4},"end":{"line":53,"column":5}},"type":"if","locations":[{"start":{"line":50,"column":4},"end":{"line":53,"column":5}}]}},"s":{"0":6,"1":6,"2":6,"3":6,"4":6,"5":6,"6":6,"7":6,"8":6,"9":6,"10":0,"11":0,"12":0,"13":0,"14":0,"15":0,"16":6,"17":6,"18":6,"19":6,"20":6,"21":6,"22":6,"23":6,"24":0,"25":0,"26":0,"27":0,"28":0,"29":0,"30":0,"31":0,"32":0,"33":0,"34":6,"35":6,"36":6},"f":{"0":6,"1":6,"2":6,"3":6},"b":{"0":[0],"1":[0],"2":[0]}}
,"C:\\Proyectos\\tareadebd2\\Reserva-Inteligente\\src\\auth\\auth.routes.ts": {"path":"C:\\Proyectos\\tareadebd2\\Reserva-Inteligente\\src\\auth\\auth.routes.ts","statementMap":{"0":{"start":{"line":1,"column":0},"end":{"line":1,"column":30}},"1":{"start":{"line":2,"column":0},"end":{"line":2,"column":52}},"2":{"start":{"line":4,"column":15},"end":{"line":4,"column":31}},"3":{"start":{"line":6,"column":0},"end":{"line":6,"column":35}},"4":{"start":{"line":7,"column":0},"end":{"line":7,"column":29}},"5":{"start":{"line":9,"column":0},"end":{"line":9,"column":22}}},"fnMap":{},"branchMap":{},"s":{"0":6,"1":6,"2":6,"3":6,"4":6,"5":6},"f":{},"b":{}}
,"C:\\Proyectos\\tareadebd2\\Reserva-Inteligente\\src\\config\\db.ts": {"path":"C:\\Proyectos\\tareadebd2\\Reserva-Inteligente\\src\\config\\db.ts","statementMap":{"0":{"start":{"line":1,"column":0},"end":{"line":1,"column":26}},"1":{"start":{"line":2,"column":0},"end":{"line":2,"column":28}},"2":{"start":{"line":4,"column":0},"end":{"line":4,"column":16}},"3":{"start":{"line":6,"column":13},"end":{"line":12,"column":3}}},"fnMap":{},"branchMap":{},"s":{"0":6,"1":6,"2":6,"3":6},"f":{},"b":{}}
,"C:\\Proyectos\\tareadebd2\\Reserva-Inteligente\\src\\menu\\menus.controller.ts": {"path":"C:\\Proyectos\\tareadebd2\\Reserva-Inteligente\\src\\menu\\menus.controller.ts","statementMap":{"0":{"start":{"line":4,"column":0},"end":{"line":4,"column":36}},"1":{"start":{"line":10,"column":26},"end":{"line":26,"column":2}},"2":{"start":{"line":10,"column":79},"end":{"line":26,"column":2}},"3":{"start":{"line":11,"column":2},"end":{"line":25,"column":3}},"4":{"start":{"line":13,"column":25},"end":{"line":13,"column":38}},"5":{"start":{"line":14,"column":33},"end":{"line":14,"column":41}},"6":{"start":{"line":16,"column":19},"end":{"line":18,"column":null}},"7":{"start":{"line":21,"column":4},"end":{"line":21,"column":75}},"8":{"start":{"line":23,"column":4},"end":{"line":23,"column":25}},"9":{"start":{"line":24,"column":4},"end":{"line":24,"column":60}},"10":{"start":{"line":10,"column":13},"end":{"line":10,"column":26}},"11":{"start":{"line":32,"column":36},"end":{"line":41,"column":2}},"12":{"start":{"line":32,"column":89},"end":{"line":41,"column":2}},"13":{"start":{"line":33,"column":2},"end":{"line":40,"column":3}},"14":{"start":{"line":34,"column":25},"end":{"line":34,"column":38}},"15":{"start":{"line":35,"column":19},"end":{"line":35,"column":100}},"16":{"start":{"line":36,"column":4},"end":{"line":36,"column":49}},"17":{"start":{"line":38,"column":4},"end":{"line":38,"column":25}},"18":{"start":{"line":39,"column":4},"end":{"line":39,"column":60}},"19":{"start":{"line":32,"column":13},"end":{"line":32,"column":36}},"20":{"start":{"line":47,"column":27},"end":{"line":60,"column":2}},"21":{"start":{"line":47,"column":80},"end":{"line":60,"column":2}},"22":{"start":{"line":48,"column":2},"end":{"line":59,"column":3}},"23":{"start":{"line":49,"column":19},"end":{"line":49,"column":29}},"24":{"start":{"line":50,"column":19},"end":{"line":50,"column":78}},"25":{"start":{"line":51,"column":4},"end":{"line":54,"column":5}},"26":{"start":{"line":52,"column":6},"end":{"line":52,"column":62}},"27":{"start":{"line":53,"column":6},"end":{"line":53,"column":13}},"28":{"start":{"line":55,"column":4},"end":{"line":55,"column":51}},"29":{"start":{"line":57,"column":4},"end":{"line":57,"column":25}},"30":{"start":{"line":58,"column":4},"end":{"line":58,"column":60}},"31":{"start":{"line":47,"column":13},"end":{"line":47,"column":27}},"32":{"start":{"line":66,"column":26},"end":{"line":92,"column":2}},"33":{"start":{"line":66,"column":79},"end":{"line":92,"column":2}},"34":{"start":{"line":67,"column":2},"end":{"line":91,"column":3}},"35":{"start":{"line":69,"column":21},"end":{"line":69,"column":44}},"36":{"start":{"line":70,"column":4},"end":{"line":73,"column":5}},"37":{"start":{"line":71,"column":6},"end":{"line":71,"column":62}},"38":{"start":{"line":72,"column":6},"end":{"line":72,"column":13}},"39":{"start":{"line":75,"column":19},"end":{"line":75,"column":29}},"40":{"start":{"line":76,"column":33},"end":{"line":76,"column":41}},"41":{"start":{"line":77,"column":19},"end":{"line":79,"column":null}},"42":{"start":{"line":82,"column":4},"end":{"line":85,"column":5}},"43":{"start":{"line":83,"column":6},"end":{"line":83,"column":62}},"44":{"start":{"line":84,"column":6},"end":{"line":84,"column":13}},"45":{"start":{"line":87,"column":4},"end":{"line":87,"column":80}},"46":{"start":{"line":89,"column":4},"end":{"line":89,"column":25}},"47":{"start":{"line":90,"column":4},"end":{"line":90,"column":60}},"48":{"start":{"line":66,"column":13},"end":{"line":66,"column":26}},"49":{"start":{"line":98,"column":26},"end":{"line":120,"column":2}},"50":{"start":{"line":98,"column":79},"end":{"line":120,"column":2}},"51":{"start":{"line":99,"column":2},"end":{"line":119,"column":3}},"52":{"start":{"line":101,"column":21},"end":{"line":101,"column":44}},"53":{"start":{"line":102,"column":4},"end":{"line":105,"column":5}},"54":{"start":{"line":103,"column":6},"end":{"line":103,"column":62}},"55":{"start":{"line":104,"column":6},"end":{"line":104,"column":13}},"56":{"start":{"line":107,"column":19},"end":{"line":107,"column":29}},"57":{"start":{"line":108,"column":19},"end":{"line":108,"column":88}},"58":{"start":{"line":110,"column":4},"end":{"line":113,"column":5}},"59":{"start":{"line":111,"column":6},"end":{"line":111,"column":62}},"60":{"start":{"line":112,"column":6},"end":{"line":112,"column":13}},"61":{"start":{"line":115,"column":4},"end":{"line":115,"column":56}},"62":{"start":{"line":117,"column":4},"end":{"line":117,"column":25}},"63":{"start":{"line":118,"column":4},"end":{"line":118,"column":60}},"64":{"start":{"line":98,"column":13},"end":{"line":98,"column":26}}},"fnMap":{"0":{"name":"(anonymous_7)","decl":{"start":{"line":10,"column":26},"end":{"line":10,"column":33}},"loc":{"start":{"line":10,"column":79},"end":{"line":26,"column":2}}},"1":{"name":"(anonymous_8)","decl":{"start":{"line":10,"column":79},"end":{"line":10,"column":null}},"loc":{"start":{"line":10,"column":79},"end":{"line":26,"column":1}}},"2":{"name":"(anonymous_9)","decl":{"start":{"line":32,"column":36},"end":{"line":32,"column":43}},"loc":{"start":{"line":32,"column":89},"end":{"line":41,"column":2}}},"3":{"name":"(anonymous_10)","decl":{"start":{"line":32,"column":89},"end":{"line":32,"column":null}},"loc":{"start":{"line":32,"column":89},"end":{"line":41,"column":1}}},"4":{"name":"(anonymous_11)","decl":{"start":{"line":47,"column":27},"end":{"line":47,"column":34}},"loc":{"start":{"line":47,"column":80},"end":{"line":60,"column":2}}},"5":{"name":"(anonymous_12)","decl":{"start":{"line":47,"column":80},"end":{"line":47,"column":null}},"loc":{"start":{"line":47,"column":80},"end":{"line":60,"column":1}}},"6":{"name":"(anonymous_13)","decl":{"start":{"line":66,"column":26},"end":{"line":66,"column":33}},"loc":{"start":{"line":66,"column":79},"end":{"line":92,"column":2}}},"7":{"name":"(anonymous_14)","decl":{"start":{"line":66,"column":79},"end":{"line":66,"column":null}},"loc":{"start":{"line":66,"column":79},"end":{"line":92,"column":1}}},"8":{"name":"(anonymous_15)","decl":{"start":{"line":98,"column":26},"end":{"line":98,"column":33}},"loc":{"start":{"line":98,"column":79},"end":{"line":120,"column":2}}},"9":{"name":"(anonymous_16)","decl":{"start":{"line":98,"column":79},"end":{"line":98,"column":null}},"loc":{"start":{"line":98,"column":79},"end":{"line":120,"column":1}}}},"branchMap":{"0":{"loc":{"start":{"line":51,"column":4},"end":{"line":54,"column":5}},"type":"if","locations":[{"start":{"line":51,"column":4},"end":{"line":54,"column":5}}]},"1":{"loc":{"start":{"line":69,"column":21},"end":{"line":69,"column":44}},"type":"cond-expr","locations":[{"start":{"line":69,"column":38},"end":{"line":69,"column":40}},{"start":{"line":69,"column":38},"end":{"line":69,"column":44}}]},"2":{"loc":{"start":{"line":69,"column":21},"end":{"line":69,"column":40}},"type":"binary-expr","locations":[{"start":{"line":69,"column":21},"end":{"line":69,"column":40}},{"start":{"line":69,"column":38},"end":{"line":69,"column":40}}]},"3":{"loc":{"start":{"line":70,"column":4},"end":{"line":73,"column":5}},"type":"if","locations":[{"start":{"line":70,"column":4},"end":{"line":73,"column":5}}]},"4":{"loc":{"start":{"line":82,"column":4},"end":{"line":85,"column":5}},"type":"if","locations":[{"start":{"line":82,"column":4},"end":{"line":85,"column":5}}]},"5":{"loc":{"start":{"line":101,"column":21},"end":{"line":101,"column":44}},"type":"cond-expr","locations":[{"start":{"line":101,"column":38},"end":{"line":101,"column":40}},{"start":{"line":101,"column":38},"end":{"line":101,"column":44}}]},"6":{"loc":{"start":{"line":101,"column":21},"end":{"line":101,"column":40}},"type":"binary-expr","locations":[{"start":{"line":101,"column":21},"end":{"line":101,"column":40}},{"start":{"line":101,"column":38},"end":{"line":101,"column":40}}]},"7":{"loc":{"start":{"line":102,"column":4},"end":{"line":105,"column":5}},"type":"if","locations":[{"start":{"line":102,"column":4},"end":{"line":105,"column":5}}]},"8":{"loc":{"start":{"line":110,"column":4},"end":{"line":113,"column":5}},"type":"if","locations":[{"start":{"line":110,"column":4},"end":{"line":113,"column":5}}]}},"s":{"0":6,"1":6,"2":0,"3":0,"4":0,"5":0,"6":0,"7":0,"8":0,"9":0,"10":6,"11":6,"12":0,"13":0,"14":0,"15":0,"16":0,"17":0,"18":0,"19":6,"20":6,"21":0,"22":0,"23":0,"24":0,"25":0,"26":0,"27":0,"28":0,"29":0,"30":0,"31":6,"32":6,"33":0,"34":0,"35":0,"36":0,"37":0,"38":0,"39":0,"40":0,"41":0,"42":0,"43":0,"44":0,"45":0,"46":0,"47":0,"48":6,"49":6,"50":0,"51":0,"52":0,"53":0,"54":0,"55":0,"56":0,"57":0,"58":0,"59":0,"60":0,"61":0,"62":0,"63":0,"64":6},"f":{"0":0,"1":0,"2":0,"3":0,"4":0,"5":0,"6":0,"7":0,"8":0,"9":0},"b":{"0":[0],"1":[0,0],"2":[0,0],"3":[0],"4":[0],"5":[0,0],"6":[0,0],"7":[0],"8":[0]}}
,"C:\\Proyectos\\tareadebd2\\Reserva-Inteligente\\src\\menu\\menus.nested.routes.ts": {"path":"C:\\Proyectos\\tareadebd2\\Reserva-Inteligente\\src\\menu\\menus.nested.routes.ts","statementMap":{"0":{"start":{"line":3,"column":0},"end":{"line":3,"column":33}},"1":{"start":{"line":4,"column":0},"end":{"line":4,"column":62}},"2":{"start":{"line":5,"column":0},"end":{"line":5,"column":70}},"3":{"start":{"line":8,"column":15},"end":{"line":8,"column":44}},"4":{"start":{"line":11,"column":0},"end":{"line":11,"column":45}},"5":{"start":{"line":13,"column":0},"end":{"line":13,"column":38}},"6":{"start":{"line":15,"column":0},"end":{"line":15,"column":22}}},"fnMap":{},"branchMap":{},"s":{"0":6,"1":6,"2":6,"3":6,"4":6,"5":6,"6":6},"f":{},"b":{}}
,"C:\\Proyectos\\tareadebd2\\Reserva-Inteligente\\src\\menu\\menus.routes.ts": {"path":"C:\\Proyectos\\tareadebd2\\Reserva-Inteligente\\src\\menu\\menus.routes.ts","statementMap":{"0":{"start":{"line":3,"column":0},"end":{"line":3,"column":33}},"1":{"start":{"line":4,"column":0},"end":{"line":4,"column":62}},"2":{"start":{"line":5,"column":0},"end":{"line":5,"column":73}},"3":{"start":{"line":7,"column":15},"end":{"line":7,"column":23}},"4":{"start":{"line":10,"column":0},"end":{"line":10,"column":32}},"5":{"start":{"line":12,"column":0},"end":{"line":12,"column":47}},"6":{"start":{"line":14,"column":0},"end":{"line":14,"column":50}},"7":{"start":{"line":16,"column":0},"end":{"line":16,"column":22}}},"fnMap":{},"branchMap":{},"s":{"0":6,"1":6,"2":6,"3":6,"4":6,"5":6,"6":6,"7":6},"f":{},"b":{}}
,"C:\\Proyectos\\tareadebd2\\Reserva-Inteligente\\src\\middleware\\authMiddleware.ts": {"path":"C:\\Proyectos\\tareadebd2\\Reserva-Inteligente\\src\\middleware\\authMiddleware.ts","statementMap":{"0":{"start":{"line":2,"column":2},"end":{"line":2,"column":33}},"1":{"start":{"line":3,"column":2},"end":{"line":3,"column":30}},"2":{"start":{"line":5,"column":2},"end":{"line":5,"column":18}},"3":{"start":{"line":7,"column":32},"end":{"line":22,"column":3}},"4":{"start":{"line":8,"column":18},"end":{"line":8,"column":58}},"5":{"start":{"line":10,"column":4},"end":{"line":13,"column":5}},"6":{"start":{"line":11,"column":6},"end":{"line":11,"column":66}},"7":{"start":{"line":12,"column":6},"end":{"line":12,"column":13}},"8":{"start":{"line":15,"column":4},"end":{"line":21,"column":5}},"9":{"start":{"line":16,"column":22},"end":{"line":16,"column":73}},"10":{"start":{"line":17,"column":7},"end":{"line":17,"column":34}},"11":{"start":{"line":18,"column":6},"end":{"line":18,"column":13}},"12":{"start":{"line":20,"column":6},"end":{"line":20,"column":58}},"13":{"start":{"line":7,"column":15},"end":{"line":7,"column":32}}},"fnMap":{"0":{"name":"(anonymous_1)","decl":{"start":{"line":7,"column":32},"end":{"line":7,"column":33}},"loc":{"start":{"line":7,"column":90},"end":{"line":22,"column":3}}}},"branchMap":{"0":{"loc":{"start":{"line":8,"column":18},"end":{"line":8,"column":58}},"type":"cond-expr","locations":[{"start":{"line":8,"column":43},"end":{"line":8,"column":45}},{"start":{"line":8,"column":43},"end":{"line":8,"column":58}}]},"1":{"loc":{"start":{"line":8,"column":18},"end":{"line":8,"column":45}},"type":"binary-expr","locations":[{"start":{"line":8,"column":18},"end":{"line":8,"column":45}},{"start":{"line":8,"column":43},"end":{"line":8,"column":45}}]},"2":{"loc":{"start":{"line":10,"column":4},"end":{"line":13,"column":5}},"type":"if","locations":[{"start":{"line":10,"column":4},"end":{"line":13,"column":5}}]}},"s":{"0":6,"1":6,"2":6,"3":6,"4":1,"5":1,"6":0,"7":0,"8":1,"9":1,"10":0,"11":0,"12":1,"13":6},"f":{"0":1},"b":{"0":[0,1],"1":[1,1],"2":[0]}}
,"C:\\Proyectos\\tareadebd2\\Reserva-Inteligente\\src\\orders\\orders.controller.ts": {"path":"C:\\Proyectos\\tareadebd2\\Reserva-Inteligente\\src\\orders\\orders.controller.ts","statementMap":{"0":{"start":{"line":3,"column":0},"end":{"line":3,"column":36}},"1":{"start":{"line":9,"column":27},"end":{"line":30,"column":2}},"2":{"start":{"line":9,"column":80},"end":{"line":30,"column":2}},"3":{"start":{"line":10,"column":2},"end":{"line":29,"column":3}},"4":{"start":{"line":11,"column":19},"end":{"line":11,"column":40}},"5":{"start":{"line":12,"column":4},"end":{"line":15,"column":5}},"6":{"start":{"line":13,"column":6},"end":{"line":13,"column":66}},"7":{"start":{"line":14,"column":6},"end":{"line":14,"column":13}},"8":{"start":{"line":17,"column":46},"end":{"line":17,"column":54}},"9":{"start":{"line":20,"column":19},"end":{"line":22,"column":null}},"10":{"start":{"line":25,"column":4},"end":{"line":25,"column":78}},"11":{"start":{"line":27,"column":4},"end":{"line":27,"column":25}},"12":{"start":{"line":28,"column":4},"end":{"line":28,"column":60}},"13":{"start":{"line":9,"column":13},"end":{"line":9,"column":27}},"14":{"start":{"line":36,"column":28},"end":{"line":51,"column":2}},"15":{"start":{"line":36,"column":81},"end":{"line":51,"column":2}},"16":{"start":{"line":37,"column":2},"end":{"line":50,"column":3}},"17":{"start":{"line":38,"column":19},"end":{"line":38,"column":29}},"18":{"start":{"line":39,"column":19},"end":{"line":39,"column":80}},"19":{"start":{"line":41,"column":4},"end":{"line":44,"column":5}},"20":{"start":{"line":42,"column":6},"end":{"line":42,"column":64}},"21":{"start":{"line":43,"column":6},"end":{"line":43,"column":13}},"22":{"start":{"line":46,"column":4},"end":{"line":46,"column":52}},"23":{"start":{"line":48,"column":4},"end":{"line":48,"column":25}},"24":{"start":{"line":49,"column":4},"end":{"line":49,"column":60}},"25":{"start":{"line":36,"column":13},"end":{"line":36,"column":28}},"26":{"start":{"line":57,"column":27},"end":{"line":88,"column":2}},"27":{"start":{"line":57,"column":80},"end":{"line":88,"column":2}},"28":{"start":{"line":58,"column":2},"end":{"line":87,"column":3}},"29":{"start":{"line":59,"column":19},"end":{"line":59,"column":40}},"30":{"start":{"line":60,"column":21},"end":{"line":60,"column":44}},"31":{"start":{"line":61,"column":19},"end":{"line":61,"column":29}},"32":{"start":{"line":62,"column":46},"end":{"line":62,"column":54}},"33":{"start":{"line":65,"column":21},"end":{"line":65,"column":82}},"34":{"start":{"line":66,"column":4},"end":{"line":69,"column":5}},"35":{"start":{"line":67,"column":6},"end":{"line":67,"column":64}},"36":{"start":{"line":68,"column":6},"end":{"line":68,"column":13}},"37":{"start":{"line":71,"column":18},"end":{"line":71,"column":34}},"38":{"start":{"line":73,"column":4},"end":{"line":76,"column":5}},"39":{"start":{"line":74,"column":6},"end":{"line":74,"column":90}},"40":{"start":{"line":75,"column":6},"end":{"line":75,"column":13}},"41":{"start":{"line":78,"column":19},"end":{"line":80,"column":null}},"42":{"start":{"line":83,"column":4},"end":{"line":83,"column":83}},"43":{"start":{"line":85,"column":4},"end":{"line":85,"column":25}},"44":{"start":{"line":86,"column":4},"end":{"line":86,"column":60}},"45":{"start":{"line":57,"column":13},"end":{"line":57,"column":27}},"46":{"start":{"line":94,"column":27},"end":{"line":121,"column":2}},"47":{"start":{"line":94,"column":80},"end":{"line":121,"column":2}},"48":{"start":{"line":95,"column":2},"end":{"line":120,"column":3}},"49":{"start":{"line":96,"column":19},"end":{"line":96,"column":40}},"50":{"start":{"line":97,"column":21},"end":{"line":97,"column":44}},"51":{"start":{"line":98,"column":19},"end":{"line":98,"column":29}},"52":{"start":{"line":101,"column":21},"end":{"line":101,"column":82}},"53":{"start":{"line":102,"column":4},"end":{"line":105,"column":5}},"54":{"start":{"line":103,"column":6},"end":{"line":103,"column":64}},"55":{"start":{"line":104,"column":6},"end":{"line":104,"column":13}},"56":{"start":{"line":107,"column":18},"end":{"line":107,"column":34}},"57":{"start":{"line":109,"column":4},"end":{"line":112,"column":5}},"58":{"start":{"line":110,"column":6},"end":{"line":110,"column":88}},"59":{"start":{"line":111,"column":6},"end":{"line":111,"column":13}},"60":{"start":{"line":114,"column":19},"end":{"line":114,"column":90}},"61":{"start":{"line":116,"column":4},"end":{"line":116,"column":81}},"62":{"start":{"line":118,"column":4},"end":{"line":118,"column":25}},"63":{"start":{"line":119,"column":4},"end":{"line":119,"column":60}},"64":{"start":{"line":94,"column":13},"end":{"line":94,"column":27}}},"fnMap":{"0":{"name":"(anonymous_7)","decl":{"start":{"line":9,"column":27},"end":{"line":9,"column":34}},"loc":{"start":{"line":9,"column":80},"end":{"line":30,"column":2}}},"1":{"name":"(anonymous_8)","decl":{"start":{"line":9,"column":80},"end":{"line":9,"column":null}},"loc":{"start":{"line":9,"column":80},"end":{"line":30,"column":1}}},"2":{"name":"(anonymous_9)","decl":{"start":{"line":36,"column":28},"end":{"line":36,"column":35}},"loc":{"start":{"line":36,"column":81},"end":{"line":51,"column":2}}},"3":{"name":"(anonymous_10)","decl":{"start":{"line":36,"column":81},"end":{"line":36,"column":null}},"loc":{"start":{"line":36,"column":81},"end":{"line":51,"column":1}}},"4":{"name":"(anonymous_11)","decl":{"start":{"line":57,"column":27},"end":{"line":57,"column":34}},"loc":{"start":{"line":57,"column":80},"end":{"line":88,"column":2}}},"5":{"name":"(anonymous_12)","decl":{"start":{"line":57,"column":80},"end":{"line":57,"column":null}},"loc":{"start":{"line":57,"column":80},"end":{"line":88,"column":1}}},"6":{"name":"(anonymous_13)","decl":{"start":{"line":94,"column":27},"end":{"line":94,"column":34}},"loc":{"start":{"line":94,"column":80},"end":{"line":121,"column":2}}},"7":{"name":"(anonymous_14)","decl":{"start":{"line":94,"column":80},"end":{"line":94,"column":null}},"loc":{"start":{"line":94,"column":80},"end":{"line":121,"column":1}}}},"branchMap":{"0":{"loc":{"start":{"line":11,"column":19},"end":{"line":11,"column":40}},"type":"cond-expr","locations":[{"start":{"line":11,"column":36},"end":{"line":11,"column":38}},{"start":{"line":11,"column":36},"end":{"line":11,"column":40}}]},"1":{"loc":{"start":{"line":11,"column":19},"end":{"line":11,"column":38}},"type":"binary-expr","locations":[{"start":{"line":11,"column":19},"end":{"line":11,"column":38}},{"start":{"line":11,"column":36},"end":{"line":11,"column":38}}]},"2":{"loc":{"start":{"line":12,"column":4},"end":{"line":15,"column":5}},"type":"if","locations":[{"start":{"line":12,"column":4},"end":{"line":15,"column":5}}]},"3":{"loc":{"start":{"line":22,"column":15},"end":{"line":22,"column":33}},"type":"binary-expr","locations":[{"start":{"line":22,"column":15},"end":{"line":22,"column":25}},{"start":{"line":22,"column":29},"end":{"line":22,"column":33}}]},"4":{"loc":{"start":{"line":41,"column":4},"end":{"line":44,"column":5}},"type":"if","locations":[{"start":{"line":41,"column":4},"end":{"line":44,"column":5}}]},"5":{"loc":{"start":{"line":59,"column":19},"end":{"line":59,"column":40}},"type":"cond-expr","locations":[{"start":{"line":59,"column":36},"end":{"line":59,"column":38}},{"start":{"line":59,"column":36},"end":{"line":59,"column":40}}]},"6":{"loc":{"start":{"line":59,"column":19},"end":{"line":59,"column":38}},"type":"binary-expr","locations":[{"start":{"line":59,"column":19},"end":{"line":59,"column":38}},{"start":{"line":59,"column":36},"end":{"line":59,"column":38}}]},"7":{"loc":{"start":{"line":60,"column":21},"end":{"line":60,"column":44}},"type":"cond-expr","locations":[{"start":{"line":60,"column":38},"end":{"line":60,"column":40}},{"start":{"line":60,"column":38},"end":{"line":60,"column":44}}]},"8":{"loc":{"start":{"line":60,"column":21},"end":{"line":60,"column":40}},"type":"binary-expr","locations":[{"start":{"line":60,"column":21},"end":{"line":60,"column":40}},{"start":{"line":60,"column":38},"end":{"line":60,"column":40}}]},"9":{"loc":{"start":{"line":66,"column":4},"end":{"line":69,"column":5}},"type":"if","locations":[{"start":{"line":66,"column":4},"end":{"line":69,"column":5}}]},"10":{"loc":{"start":{"line":73,"column":4},"end":{"line":76,"column":5}},"type":"if","locations":[{"start":{"line":73,"column":4},"end":{"line":76,"column":5}}]},"11":{"loc":{"start":{"line":73,"column":8},"end":{"line":73,"column":59}},"type":"binary-expr","locations":[{"start":{"line":73,"column":8},"end":{"line":73,"column":28}},{"start":{"line":73,"column":32},"end":{"line":73,"column":59}}]},"12":{"loc":{"start":{"line":80,"column":7},"end":{"line":80,"column":25}},"type":"binary-expr","locations":[{"start":{"line":80,"column":7},"end":{"line":80,"column":17}},{"start":{"line":80,"column":21},"end":{"line":80,"column":25}}]},"13":{"loc":{"start":{"line":96,"column":19},"end":{"line":96,"column":40}},"type":"cond-expr","locations":[{"start":{"line":96,"column":36},"end":{"line":96,"column":38}},{"start":{"line":96,"column":36},"end":{"line":96,"column":40}}]},"14":{"loc":{"start":{"line":96,"column":19},"end":{"line":96,"column":38}},"type":"binary-expr","locations":[{"start":{"line":96,"column":19},"end":{"line":96,"column":38}},{"start":{"line":96,"column":36},"end":{"line":96,"column":38}}]},"15":{"loc":{"start":{"line":97,"column":21},"end":{"line":97,"column":44}},"type":"cond-expr","locations":[{"start":{"line":97,"column":38},"end":{"line":97,"column":40}},{"start":{"line":97,"column":38},"end":{"line":97,"column":44}}]},"16":{"loc":{"start":{"line":97,"column":21},"end":{"line":97,"column":40}},"type":"binary-expr","locations":[{"start":{"line":97,"column":21},"end":{"line":97,"column":40}},{"start":{"line":97,"column":38},"end":{"line":97,"column":40}}]},"17":{"loc":{"start":{"line":102,"column":4},"end":{"line":105,"column":5}},"type":"if","locations":[{"start":{"line":102,"column":4},"end":{"line":105,"column":5}}]},"18":{"loc":{"start":{"line":109,"column":4},"end":{"line":112,"column":5}},"type":"if","locations":[{"start":{"line":109,"column":4},"end":{"line":112,"column":5}}]},"19":{"loc":{"start":{"line":109,"column":8},"end":{"line":109,"column":59}},"type":"binary-expr","locations":[{"start":{"line":109,"column":8},"end":{"line":109,"column":28}},{"start":{"line":109,"column":32},"end":{"line":109,"column":59}}]}},"s":{"0":6,"1":6,"2":0,"3":0,"4":0,"5":0,"6":0,"7":0,"8":0,"9":0,"10":0,"11":0,"12":0,"13":6,"14":6,"15":0,"16":0,"17":0,"18":0,"19":0,"20":0,"21":0,"22":0,"23":0,"24":0,"25":6,"26":6,"27":0,"28":0,"29":0,"30":0,"31":0,"32":0,"33":0,"34":0,"35":0,"36":0,"37":0,"38":0,"39":0,"40":0,"41":0,"42":0,"43":0,"44":0,"45":6,"46":6,"47":0,"48":0,"49":0,"50":0,"51":0,"52":0,"53":0,"54":0,"55":0,"56":0,"57":0,"58":0,"59":0,"60":0,"61":0,"62":0,"63":0,"64":6},"f":{"0":0,"1":0,"2":0,"3":0,"4":0,"5":0,"6":0,"7":0},"b":{"0":[0,0],"1":[0,0],"2":[0],"3":[0,0],"4":[0],"5":[0,0],"6":[0,0],"7":[0,0],"8":[0,0],"9":[0],"10":[0],"11":[0,0],"12":[0,0],"13":[0,0],"14":[0,0],"15":[0,0],"16":[0,0],"17":[0],"18":[0],"19":[0,0]}}
,"C:\\Proyectos\\tareadebd2\\Reserva-Inteligente\\src\\orders\\orders.routes.ts": {"path":"C:\\Proyectos\\tareadebd2\\Reserva-Inteligente\\src\\orders\\orders.routes.ts","statementMap":{"0":{"start":{"line":2,"column":0},"end":{"line":2,"column":33}},"1":{"start":{"line":3,"column":0},"end":{"line":3,"column":62}},"2":{"start":{"line":4,"column":0},"end":{"line":4,"column":90}},"3":{"start":{"line":6,"column":15},"end":{"line":6,"column":23}},"4":{"start":{"line":9,"column":0},"end":{"line":9,"column":46}},"5":{"start":{"line":10,"column":0},"end":{"line":10,"column":49}},"6":{"start":{"line":11,"column":0},"end":{"line":11,"column":48}},"7":{"start":{"line":12,"column":0},"end":{"line":12,"column":51}},"8":{"start":{"line":14,"column":0},"end":{"line":14,"column":22}}},"fnMap":{},"branchMap":{},"s":{"0":6,"1":6,"2":6,"3":6,"4":6,"5":6,"6":6,"7":6,"8":6},"f":{},"b":{}}
,"C:\\Proyectos\\tareadebd2\\Reserva-Inteligente\\src\\reservations\\reservations.controller.ts": {"path":"C:\\Proyectos\\tareadebd2\\Reserva-Inteligente\\src\\reservations\\reservations.controller.ts","statementMap":{"0":{"start":{"line":3,"column":0},"end":{"line":3,"column":36}},"1":{"start":{"line":9,"column":33},"end":{"line":31,"column":2}},"2":{"start":{"line":9,"column":86},"end":{"line":31,"column":2}},"3":{"start":{"line":10,"column":2},"end":{"line":30,"column":3}},"4":{"start":{"line":12,"column":44},"end":{"line":12,"column":52}},"5":{"start":{"line":14,"column":19},"end":{"line":14,"column":40}},"6":{"start":{"line":15,"column":4},"end":{"line":18,"column":5}},"7":{"start":{"line":16,"column":6},"end":{"line":16,"column":66}},"8":{"start":{"line":17,"column":6},"end":{"line":17,"column":13}},"9":{"start":{"line":22,"column":19},"end":{"line":24,"column":null}},"10":{"start":{"line":26,"column":4},"end":{"line":26,"column":85}},"11":{"start":{"line":28,"column":4},"end":{"line":28,"column":25}},"12":{"start":{"line":29,"column":4},"end":{"line":29,"column":60}},"13":{"start":{"line":9,"column":13},"end":{"line":9,"column":33}},"14":{"start":{"line":37,"column":33},"end":{"line":64,"column":2}},"15":{"start":{"line":37,"column":86},"end":{"line":64,"column":2}},"16":{"start":{"line":38,"column":2},"end":{"line":63,"column":3}},"17":{"start":{"line":39,"column":19},"end":{"line":39,"column":29}},"18":{"start":{"line":41,"column":19},"end":{"line":41,"column":40}},"19":{"start":{"line":42,"column":21},"end":{"line":42,"column":44}},"20":{"start":{"line":45,"column":21},"end":{"line":45,"column":83}},"21":{"start":{"line":46,"column":4},"end":{"line":49,"column":5}},"22":{"start":{"line":47,"column":6},"end":{"line":47,"column":65}},"23":{"start":{"line":48,"column":6},"end":{"line":48,"column":13}},"24":{"start":{"line":50,"column":24},"end":{"line":50,"column":40}},"25":{"start":{"line":53,"column":4},"end":{"line":56,"column":5}},"26":{"start":{"line":54,"column":6},"end":{"line":54,"column":89}},"27":{"start":{"line":55,"column":6},"end":{"line":55,"column":13}},"28":{"start":{"line":58,"column":19},"end":{"line":58,"column":91}},"29":{"start":{"line":59,"column":4},"end":{"line":59,"column":88}},"30":{"start":{"line":61,"column":4},"end":{"line":61,"column":25}},"31":{"start":{"line":62,"column":4},"end":{"line":62,"column":60}},"32":{"start":{"line":37,"column":13},"end":{"line":37,"column":33}}},"fnMap":{"0":{"name":"(anonymous_7)","decl":{"start":{"line":9,"column":33},"end":{"line":9,"column":40}},"loc":{"start":{"line":9,"column":86},"end":{"line":31,"column":2}}},"1":{"name":"(anonymous_8)","decl":{"start":{"line":9,"column":86},"end":{"line":9,"column":null}},"loc":{"start":{"line":9,"column":86},"end":{"line":31,"column":1}}},"2":{"name":"(anonymous_9)","decl":{"start":{"line":37,"column":33},"end":{"line":37,"column":40}},"loc":{"start":{"line":37,"column":86},"end":{"line":64,"column":2}}},"3":{"name":"(anonymous_10)","decl":{"start":{"line":37,"column":86},"end":{"line":37,"column":null}},"loc":{"start":{"line":37,"column":86},"end":{"line":64,"column":1}}}},"branchMap":{"0":{"loc":{"start":{"line":14,"column":19},"end":{"line":14,"column":40}},"type":"cond-expr","locations":[{"start":{"line":14,"column":36},"end":{"line":14,"column":38}},{"start":{"line":14,"column":36},"end":{"line":14,"column":40}}]},"1":{"loc":{"start":{"line":14,"column":19},"end":{"line":14,"column":38}},"type":"binary-expr","locations":[{"start":{"line":14,"column":19},"end":{"line":14,"column":38}},{"start":{"line":14,"column":36},"end":{"line":14,"column":38}}]},"2":{"loc":{"start":{"line":15,"column":4},"end":{"line":18,"column":5}},"type":"if","locations":[{"start":{"line":15,"column":4},"end":{"line":18,"column":5}}]},"3":{"loc":{"start":{"line":41,"column":19},"end":{"line":41,"column":40}},"type":"cond-expr","locations":[{"start":{"line":41,"column":36},"end":{"line":41,"column":38}},{"start":{"line":41,"column":36},"end":{"line":41,"column":40}}]},"4":{"loc":{"start":{"line":41,"column":19},"end":{"line":41,"column":38}},"type":"binary-expr","locations":[{"start":{"line":41,"column":19},"end":{"line":41,"column":38}},{"start":{"line":41,"column":36},"end":{"line":41,"column":38}}]},"5":{"loc":{"start":{"line":42,"column":21},"end":{"line":42,"column":44}},"type":"cond-expr","locations":[{"start":{"line":42,"column":38},"end":{"line":42,"column":40}},{"start":{"line":42,"column":38},"end":{"line":42,"column":44}}]},"6":{"loc":{"start":{"line":42,"column":21},"end":{"line":42,"column":40}},"type":"binary-expr","locations":[{"start":{"line":42,"column":21},"end":{"line":42,"column":40}},{"start":{"line":42,"column":38},"end":{"line":42,"column":40}}]},"7":{"loc":{"start":{"line":46,"column":4},"end":{"line":49,"column":5}},"type":"if","locations":[{"start":{"line":46,"column":4},"end":{"line":49,"column":5}}]},"8":{"loc":{"start":{"line":53,"column":4},"end":{"line":56,"column":5}},"type":"if","locations":[{"start":{"line":53,"column":4},"end":{"line":56,"column":5}}]},"9":{"loc":{"start":{"line":53,"column":8},"end":{"line":53,"column":65}},"type":"binary-expr","locations":[{"start":{"line":53,"column":8},"end":{"line":53,"column":28}},{"start":{"line":53,"column":32},"end":{"line":53,"column":65}}]}},"s":{"0":6,"1":6,"2":0,"3":0,"4":0,"5":0,"6":0,"7":0,"8":0,"9":0,"10":0,"11":0,"12":0,"13":6,"14":6,"15":0,"16":0,"17":0,"18":0,"19":0,"20":0,"21":0,"22":0,"23":0,"24":0,"25":0,"26":0,"27":0,"28":0,"29":0,"30":0,"31":0,"32":6},"f":{"0":0,"1":0,"2":0,"3":0},"b":{"0":[0,0],"1":[0,0],"2":[0],"3":[0,0],"4":[0,0],"5":[0,0],"6":[0,0],"7":[0],"8":[0],"9":[0,0]}}
,"C:\\Proyectos\\tareadebd2\\Reserva-Inteligente\\src\\reservations\\reservations.routes.ts": {"path":"C:\\Proyectos\\tareadebd2\\Reserva-Inteligente\\src\\reservations\\reservations.routes.ts","statementMap":{"0":{"start":{"line":2,"column":0},"end":{"line":2,"column":33}},"1":{"start":{"line":3,"column":0},"end":{"line":3,"column":62}},"2":{"start":{"line":4,"column":0},"end":{"line":4,"column":81}},"3":{"start":{"line":6,"column":15},"end":{"line":6,"column":23}},"4":{"start":{"line":9,"column":0},"end":{"line":9,"column":52}},"5":{"start":{"line":12,"column":0},"end":{"line":12,"column":57}},"6":{"start":{"line":14,"column":0},"end":{"line":14,"column":22}}},"fnMap":{},"branchMap":{},"s":{"0":6,"1":6,"2":6,"3":6,"4":6,"5":6,"6":6},"f":{},"b":{}}
,"C:\\Proyectos\\tareadebd2\\Reserva-Inteligente\\src\\restaurants\\restaurants.controller.ts": {"path":"C:\\Proyectos\\tareadebd2\\Reserva-Inteligente\\src\\restaurants\\restaurants.controller.ts","statementMap":{"0":{"start":{"line":4,"column":0},"end":{"line":4,"column":36}},"1":{"start":{"line":10,"column":32},"end":{"line":33,"column":2}},"2":{"start":{"line":10,"column":85},"end":{"line":33,"column":2}},"3":{"start":{"line":11,"column":2},"end":{"line":32,"column":3}},"4":{"start":{"line":12,"column":21},"end":{"line":12,"column":44}},"5":{"start":{"line":13,"column":4},"end":{"line":16,"column":5}},"6":{"start":{"line":14,"column":6},"end":{"line":14,"column":62}},"7":{"start":{"line":15,"column":6},"end":{"line":15,"column":13}},"8":{"start":{"line":18,"column":34},"end":{"line":18,"column":42}},"9":{"start":{"line":20,"column":19},"end":{"line":22,"column":null}},"10":{"start":{"line":25,"column":4},"end":{"line":28,"column":7}},"11":{"start":{"line":30,"column":4},"end":{"line":30,"column":25}},"12":{"start":{"line":31,"column":4},"end":{"line":31,"column":60}},"13":{"start":{"line":10,"column":13},"end":{"line":10,"column":32}},"14":{"start":{"line":39,"column":33},"end":{"line":47,"column":2}},"15":{"start":{"line":39,"column":86},"end":{"line":47,"column":2}},"16":{"start":{"line":40,"column":2},"end":{"line":46,"column":3}},"17":{"start":{"line":41,"column":19},"end":{"line":41,"column":65}},"18":{"start":{"line":42,"column":4},"end":{"line":42,"column":55}},"19":{"start":{"line":44,"column":4},"end":{"line":44,"column":25}},"20":{"start":{"line":45,"column":4},"end":{"line":45,"column":60}},"21":{"start":{"line":39,"column":13},"end":{"line":39,"column":33}},"22":{"start":{"line":53,"column":33},"end":{"line":68,"column":2}},"23":{"start":{"line":53,"column":86},"end":{"line":68,"column":2}},"24":{"start":{"line":54,"column":2},"end":{"line":67,"column":3}},"25":{"start":{"line":55,"column":19},"end":{"line":55,"column":29}},"26":{"start":{"line":57,"column":19},"end":{"line":57,"column":85}},"27":{"start":{"line":58,"column":4},"end":{"line":61,"column":5}},"28":{"start":{"line":59,"column":6},"end":{"line":59,"column":69}},"29":{"start":{"line":60,"column":6},"end":{"line":60,"column":13}},"30":{"start":{"line":63,"column":4},"end":{"line":63,"column":57}},"31":{"start":{"line":65,"column":4},"end":{"line":65,"column":25}},"32":{"start":{"line":66,"column":4},"end":{"line":66,"column":60}},"33":{"start":{"line":53,"column":13},"end":{"line":53,"column":33}},"34":{"start":{"line":74,"column":32},"end":{"line":103,"column":2}},"35":{"start":{"line":74,"column":85},"end":{"line":103,"column":2}},"36":{"start":{"line":75,"column":2},"end":{"line":102,"column":3}},"37":{"start":{"line":76,"column":21},"end":{"line":76,"column":44}},"38":{"start":{"line":77,"column":4},"end":{"line":80,"column":5}},"39":{"start":{"line":78,"column":6},"end":{"line":78,"column":62}},"40":{"start":{"line":79,"column":6},"end":{"line":79,"column":13}},"41":{"start":{"line":82,"column":19},"end":{"line":82,"column":29}},"42":{"start":{"line":83,"column":34},"end":{"line":83,"column":42}},"43":{"start":{"line":85,"column":19},"end":{"line":87,"column":null}},"44":{"start":{"line":90,"column":4},"end":{"line":93,"column":5}},"45":{"start":{"line":91,"column":6},"end":{"line":91,"column":69}},"46":{"start":{"line":92,"column":6},"end":{"line":92,"column":13}},"47":{"start":{"line":95,"column":4},"end":{"line":98,"column":7}},"48":{"start":{"line":100,"column":4},"end":{"line":100,"column":25}},"49":{"start":{"line":101,"column":4},"end":{"line":101,"column":60}},"50":{"start":{"line":74,"column":13},"end":{"line":74,"column":32}},"51":{"start":{"line":109,"column":32},"end":{"line":134,"column":2}},"52":{"start":{"line":109,"column":85},"end":{"line":134,"column":2}},"53":{"start":{"line":110,"column":2},"end":{"line":133,"column":3}},"54":{"start":{"line":111,"column":21},"end":{"line":111,"column":44}},"55":{"start":{"line":112,"column":4},"end":{"line":115,"column":5}},"56":{"start":{"line":113,"column":6},"end":{"line":113,"column":62}},"57":{"start":{"line":114,"column":6},"end":{"line":114,"column":13}},"58":{"start":{"line":117,"column":19},"end":{"line":117,"column":29}},"59":{"start":{"line":119,"column":19},"end":{"line":121,"column":null}},"60":{"start":{"line":124,"column":4},"end":{"line":127,"column":5}},"61":{"start":{"line":125,"column":6},"end":{"line":125,"column":69}},"62":{"start":{"line":126,"column":6},"end":{"line":126,"column":13}},"63":{"start":{"line":129,"column":4},"end":{"line":129,"column":63}},"64":{"start":{"line":131,"column":4},"end":{"line":131,"column":25}},"65":{"start":{"line":132,"column":4},"end":{"line":132,"column":60}},"66":{"start":{"line":109,"column":13},"end":{"line":109,"column":32}}},"fnMap":{"0":{"name":"(anonymous_7)","decl":{"start":{"line":10,"column":32},"end":{"line":10,"column":39}},"loc":{"start":{"line":10,"column":85},"end":{"line":33,"column":2}}},"1":{"name":"(anonymous_8)","decl":{"start":{"line":10,"column":85},"end":{"line":10,"column":null}},"loc":{"start":{"line":10,"column":85},"end":{"line":33,"column":1}}},"2":{"name":"(anonymous_9)","decl":{"start":{"line":39,"column":33},"end":{"line":39,"column":40}},"loc":{"start":{"line":39,"column":86},"end":{"line":47,"column":2}}},"3":{"name":"(anonymous_10)","decl":{"start":{"line":39,"column":86},"end":{"line":39,"column":null}},"loc":{"start":{"line":39,"column":86},"end":{"line":47,"column":1}}},"4":{"name":"(anonymous_11)","decl":{"start":{"line":53,"column":33},"end":{"line":53,"column":40}},"loc":{"start":{"line":53,"column":86},"end":{"line":68,"column":2}}},"5":{"name":"(anonymous_12)","decl":{"start":{"line":53,"column":86},"end":{"line":53,"column":null}},"loc":{"start":{"line":53,"column":86},"end":{"line":68,"column":1}}},"6":{"name":"(anonymous_13)","decl":{"start":{"line":74,"column":32},"end":{"line":74,"column":39}},"loc":{"start":{"line":74,"column":85},"end":{"line":103,"column":2}}},"7":{"name":"(anonymous_14)","decl":{"start":{"line":74,"column":85},"end":{"line":74,"column":null}},"loc":{"start":{"line":74,"column":85},"end":{"line":103,"column":1}}},"8":{"name":"(anonymous_15)","decl":{"start":{"line":109,"column":32},"end":{"line":109,"column":39}},"loc":{"start":{"line":109,"column":85},"end":{"line":134,"column":2}}},"9":{"name":"(anonymous_16)","decl":{"start":{"line":109,"column":85},"end":{"line":109,"column":null}},"loc":{"start":{"line":109,"column":85},"end":{"line":134,"column":1}}}},"branchMap":{"0":{"loc":{"start":{"line":12,"column":21},"end":{"line":12,"column":44}},"type":"cond-expr","locations":[{"start":{"line":12,"column":38},"end":{"line":12,"column":40}},{"start":{"line":12,"column":38},"end":{"line":12,"column":44}}]},"1":{"loc":{"start":{"line":12,"column":21},"end":{"line":12,"column":40}},"type":"binary-expr","locations":[{"start":{"line":12,"column":21},"end":{"line":12,"column":40}},{"start":{"line":12,"column":38},"end":{"line":12,"column":40}}]},"2":{"loc":{"start":{"line":13,"column":4},"end":{"line":16,"column":5}},"type":"if","locations":[{"start":{"line":13,"column":4},"end":{"line":16,"column":5}}]},"3":{"loc":{"start":{"line":58,"column":4},"end":{"line":61,"column":5}},"type":"if","locations":[{"start":{"line":58,"column":4},"end":{"line":61,"column":5}}]},"4":{"loc":{"start":{"line":76,"column":21},"end":{"line":76,"column":44}},"type":"cond-expr","locations":[{"start":{"line":76,"column":38},"end":{"line":76,"column":40}},{"start":{"line":76,"column":38},"end":{"line":76,"column":44}}]},"5":{"loc":{"start":{"line":76,"column":21},"end":{"line":76,"column":40}},"type":"binary-expr","locations":[{"start":{"line":76,"column":21},"end":{"line":76,"column":40}},{"start":{"line":76,"column":38},"end":{"line":76,"column":40}}]},"6":{"loc":{"start":{"line":77,"column":4},"end":{"line":80,"column":5}},"type":"if","locations":[{"start":{"line":77,"column":4},"end":{"line":80,"column":5}}]},"7":{"loc":{"start":{"line":90,"column":4},"end":{"line":93,"column":5}},"type":"if","locations":[{"start":{"line":90,"column":4},"end":{"line":93,"column":5}}]},"8":{"loc":{"start":{"line":111,"column":21},"end":{"line":111,"column":44}},"type":"cond-expr","locations":[{"start":{"line":111,"column":38},"end":{"line":111,"column":40}},{"start":{"line":111,"column":38},"end":{"line":111,"column":44}}]},"9":{"loc":{"start":{"line":111,"column":21},"end":{"line":111,"column":40}},"type":"binary-expr","locations":[{"start":{"line":111,"column":21},"end":{"line":111,"column":40}},{"start":{"line":111,"column":38},"end":{"line":111,"column":40}}]},"10":{"loc":{"start":{"line":112,"column":4},"end":{"line":115,"column":5}},"type":"if","locations":[{"start":{"line":112,"column":4},"end":{"line":115,"column":5}}]},"11":{"loc":{"start":{"line":124,"column":4},"end":{"line":127,"column":5}},"type":"if","locations":[{"start":{"line":124,"column":4},"end":{"line":127,"column":5}}]}},"s":{"0":6,"1":6,"2":0,"3":0,"4":0,"5":0,"6":0,"7":0,"8":0,"9":0,"10":0,"11":0,"12":0,"13":6,"14":6,"15":0,"16":0,"17":0,"18":0,"19":0,"20":0,"21":6,"22":6,"23":0,"24":0,"25":0,"26":0,"27":0,"28":0,"29":0,"30":0,"31":0,"32":0,"33":6,"34":6,"35":0,"36":0,"37":0,"38":0,"39":0,"40":0,"41":0,"42":0,"43":0,"44":0,"45":0,"46":0,"47":0,"48":0,"49":0,"50":6,"51":6,"52":0,"53":0,"54":0,"55":0,"56":0,"57":0,"58":0,"59":0,"60":0,"61":0,"62":0,"63":0,"64":0,"65":0,"66":6},"f":{"0":0,"1":0,"2":0,"3":0,"4":0,"5":0,"6":0,"7":0,"8":0,"9":0},"b":{"0":[0,0],"1":[0,0],"2":[0],"3":[0],"4":[0,0],"5":[0,0],"6":[0],"7":[0],"8":[0,0],"9":[0,0],"10":[0],"11":[0]}}
,"C:\\Proyectos\\tareadebd2\\Reserva-Inteligente\\src\\restaurants\\restaurants.routes.ts": {"path":"C:\\Proyectos\\tareadebd2\\Reserva-Inteligente\\src\\restaurants\\restaurants.routes.ts","statementMap":{"0":{"start":{"line":3,"column":0},"end":{"line":3,"column":33}},"1":{"start":{"line":4,"column":0},"end":{"line":4,"column":62}},"2":{"start":{"line":5,"column":0},"end":{"line":5,"column":null}},"3":{"start":{"line":13,"column":0},"end":{"line":13,"column":59}},"4":{"start":{"line":15,"column":15},"end":{"line":15,"column":23}},"5":{"start":{"line":18,"column":0},"end":{"line":18,"column":35}},"6":{"start":{"line":19,"column":0},"end":{"line":19,"column":38}},"7":{"start":{"line":24,"column":0},"end":{"line":24,"column":51}},"8":{"start":{"line":25,"column":0},"end":{"line":25,"column":53}},"9":{"start":{"line":26,"column":0},"end":{"line":26,"column":56}},"10":{"start":{"line":28,"column":0},"end":{"line":28,"column":43}},"11":{"start":{"line":30,"column":0},"end":{"line":30,"column":22}}},"fnMap":{},"branchMap":{},"s":{"0":6,"1":6,"2":6,"3":6,"4":6,"5":6,"6":6,"7":6,"8":6,"9":6,"10":6,"11":6},"f":{},"b":{}}
,"C:\\Proyectos\\tareadebd2\\Reserva-Inteligente\\src\\users\\users.controller.ts": {"path":"C:\\Proyectos\\tareadebd2\\Reserva-Inteligente\\src\\users\\users.controller.ts","statementMap":{"0":{"start":{"line":2,"column":0},"end":{"line":2,"column":36}},"1":{"start":{"line":8,"column":21},"end":{"line":28,"column":4}},"2":{"start":{"line":8,"column":74},"end":{"line":28,"column":4}},"3":{"start":{"line":9,"column":4},"end":{"line":27,"column":5}},"4":{"start":{"line":10,"column":21},"end":{"line":10,"column":42}},"5":{"start":{"line":12,"column":21},"end":{"line":14,"column":null}},"6":{"start":{"line":17,"column":6},"end":{"line":20,"column":7}},"7":{"start":{"line":18,"column":8},"end":{"line":18,"column":67}},"8":{"start":{"line":19,"column":8},"end":{"line":19,"column":15}},"9":{"start":{"line":22,"column":6},"end":{"line":22,"column":53}},"10":{"start":{"line":25,"column":6},"end":{"line":25,"column":25}},"11":{"start":{"line":26,"column":6},"end":{"line":26,"column":62}},"12":{"start":{"line":8,"column":13},"end":{"line":8,"column":21}},"13":{"start":{"line":35,"column":26},"end":{"line":61,"column":4}},"14":{"start":{"line":35,"column":79},"end":{"line":61,"column":4}},"15":{"start":{"line":36,"column":19},"end":{"line":36,"column":29}},"16":{"start":{"line":37,"column":28},"end":{"line":37,"column":36}},"17":{"start":{"line":38,"column":19},"end":{"line":38,"column":40}},"18":{"start":{"line":39,"column":21},"end":{"line":39,"column":44}},"19":{"start":{"line":41,"column":4},"end":{"line":60,"column":5}},"20":{"start":{"line":42,"column":6},"end":{"line":45,"column":7}},"21":{"start":{"line":43,"column":8},"end":{"line":43,"column":64}},"22":{"start":{"line":44,"column":8},"end":{"line":44,"column":15}},"23":{"start":{"line":47,"column":21},"end":{"line":49,"column":null}},"24":{"start":{"line":52,"column":6},"end":{"line":55,"column":7}},"25":{"start":{"line":53,"column":8},"end":{"line":53,"column":67}},"26":{"start":{"line":54,"column":8},"end":{"line":54,"column":15}},"27":{"start":{"line":57,"column":6},"end":{"line":57,"column":53}},"28":{"start":{"line":59,"column":6},"end":{"line":59,"column":62}},"29":{"start":{"line":35,"column":13},"end":{"line":35,"column":26}},"30":{"start":{"line":68,"column":26},"end":{"line":93,"column":4}},"31":{"start":{"line":68,"column":79},"end":{"line":93,"column":4}},"32":{"start":{"line":69,"column":19},"end":{"line":69,"column":29}},"33":{"start":{"line":70,"column":19},"end":{"line":70,"column":40}},"34":{"start":{"line":71,"column":21},"end":{"line":71,"column":44}},"35":{"start":{"line":73,"column":4},"end":{"line":92,"column":5}},"36":{"start":{"line":74,"column":6},"end":{"line":77,"column":7}},"37":{"start":{"line":75,"column":8},"end":{"line":75,"column":64}},"38":{"start":{"line":76,"column":8},"end":{"line":76,"column":15}},"39":{"start":{"line":79,"column":21},"end":{"line":81,"column":null}},"40":{"start":{"line":84,"column":6},"end":{"line":87,"column":7}},"41":{"start":{"line":85,"column":8},"end":{"line":85,"column":67}},"42":{"start":{"line":86,"column":8},"end":{"line":86,"column":15}},"43":{"start":{"line":89,"column":6},"end":{"line":89,"column":61}},"44":{"start":{"line":91,"column":6},"end":{"line":91,"column":62}},"45":{"start":{"line":68,"column":13},"end":{"line":68,"column":26}}},"fnMap":{"0":{"name":"(anonymous_7)","decl":{"start":{"line":8,"column":21},"end":{"line":8,"column":28}},"loc":{"start":{"line":8,"column":74},"end":{"line":28,"column":4}}},"1":{"name":"(anonymous_8)","decl":{"start":{"line":8,"column":74},"end":{"line":8,"column":null}},"loc":{"start":{"line":8,"column":74},"end":{"line":28,"column":3}}},"2":{"name":"(anonymous_9)","decl":{"start":{"line":35,"column":26},"end":{"line":35,"column":33}},"loc":{"start":{"line":35,"column":79},"end":{"line":61,"column":4}}},"3":{"name":"(anonymous_10)","decl":{"start":{"line":35,"column":79},"end":{"line":35,"column":null}},"loc":{"start":{"line":35,"column":79},"end":{"line":61,"column":3}}},"4":{"name":"(anonymous_11)","decl":{"start":{"line":68,"column":26},"end":{"line":68,"column":33}},"loc":{"start":{"line":68,"column":79},"end":{"line":93,"column":4}}},"5":{"name":"(anonymous_12)","decl":{"start":{"line":68,"column":79},"end":{"line":68,"column":null}},"loc":{"start":{"line":68,"column":79},"end":{"line":93,"column":3}}}},"branchMap":{"0":{"loc":{"start":{"line":10,"column":21},"end":{"line":10,"column":42}},"type":"cond-expr","locations":[{"start":{"line":10,"column":38},"end":{"line":10,"column":40}},{"start":{"line":10,"column":38},"end":{"line":10,"column":42}}]},"1":{"loc":{"start":{"line":10,"column":21},"end":{"line":10,"column":40}},"type":"binary-expr","locations":[{"start":{"line":10,"column":21},"end":{"line":10,"column":40}},{"start":{"line":10,"column":38},"end":{"line":10,"column":40}}]},"2":{"loc":{"start":{"line":17,"column":6},"end":{"line":20,"column":7}},"type":"if","locations":[{"start":{"line":17,"column":6},"end":{"line":20,"column":7}}]},"3":{"loc":{"start":{"line":38,"column":19},"end":{"line":38,"column":40}},"type":"cond-expr","locations":[{"start":{"line":38,"column":36},"end":{"line":38,"column":38}},{"start":{"line":38,"column":36},"end":{"line":38,"column":40}}]},"4":{"loc":{"start":{"line":38,"column":19},"end":{"line":38,"column":38}},"type":"binary-expr","locations":[{"start":{"line":38,"column":19},"end":{"line":38,"column":38}},{"start":{"line":38,"column":36},"end":{"line":38,"column":38}}]},"5":{"loc":{"start":{"line":39,"column":21},"end":{"line":39,"column":44}},"type":"cond-expr","locations":[{"start":{"line":39,"column":38},"end":{"line":39,"column":40}},{"start":{"line":39,"column":38},"end":{"line":39,"column":44}}]},"6":{"loc":{"start":{"line":39,"column":21},"end":{"line":39,"column":40}},"type":"binary-expr","locations":[{"start":{"line":39,"column":21},"end":{"line":39,"column":40}},{"start":{"line":39,"column":38},"end":{"line":39,"column":40}}]},"7":{"loc":{"start":{"line":42,"column":6},"end":{"line":45,"column":7}},"type":"if","locations":[{"start":{"line":42,"column":6},"end":{"line":45,"column":7}}]},"8":{"loc":{"start":{"line":42,"column":10},"end":{"line":42,"column":63}},"type":"binary-expr","locations":[{"start":{"line":42,"column":10},"end":{"line":42,"column":30}},{"start":{"line":42,"column":34},"end":{"line":42,"column":63}}]},"9":{"loc":{"start":{"line":52,"column":6},"end":{"line":55,"column":7}},"type":"if","locations":[{"start":{"line":52,"column":6},"end":{"line":55,"column":7}}]},"10":{"loc":{"start":{"line":70,"column":19},"end":{"line":70,"column":40}},"type":"cond-expr","locations":[{"start":{"line":70,"column":36},"end":{"line":70,"column":38}},{"start":{"line":70,"column":36},"end":{"line":70,"column":40}}]},"11":{"loc":{"start":{"line":70,"column":19},"end":{"line":70,"column":38}},"type":"binary-expr","locations":[{"start":{"line":70,"column":19},"end":{"line":70,"column":38}},{"start":{"line":70,"column":36},"end":{"line":70,"column":38}}]},"12":{"loc":{"start":{"line":71,"column":21},"end":{"line":71,"column":44}},"type":"cond-expr","locations":[{"start":{"line":71,"column":38},"end":{"line":71,"column":40}},{"start":{"line":71,"column":38},"end":{"line":71,"column":44}}]},"13":{"loc":{"start":{"line":71,"column":21},"end":{"line":71,"column":40}},"type":"binary-expr","locations":[{"start":{"line":71,"column":21},"end":{"line":71,"column":40}},{"start":{"line":71,"column":38},"end":{"line":71,"column":40}}]},"14":{"loc":{"start":{"line":74,"column":6},"end":{"line":77,"column":7}},"type":"if","locations":[{"start":{"line":74,"column":6},"end":{"line":77,"column":7}}]},"15":{"loc":{"start":{"line":74,"column":10},"end":{"line":74,"column":63}},"type":"binary-expr","locations":[{"start":{"line":74,"column":10},"end":{"line":74,"column":30}},{"start":{"line":74,"column":34},"end":{"line":74,"column":63}}]},"16":{"loc":{"start":{"line":84,"column":6},"end":{"line":87,"column":7}},"type":"if","locations":[{"start":{"line":84,"column":6},"end":{"line":87,"column":7}}]}},"s":{"0":6,"1":6,"2":0,"3":0,"4":0,"5":0,"6":0,"7":0,"8":0,"9":0,"10":0,"11":0,"12":6,"13":6,"14":0,"15":0,"16":0,"17":0,"18":0,"19":0,"20":0,"21":0,"22":0,"23":0,"24":0,"25":0,"26":0,"27":0,"28":0,"29":6,"30":6,"31":0,"32":0,"33":0,"34":0,"35":0,"36":0,"37":0,"38":0,"39":0,"40":0,"41":0,"42":0,"43":0,"44":0,"45":6},"f":{"0":0,"1":0,"2":0,"3":0,"4":0,"5":0},"b":{"0":[0,0],"1":[0,0],"2":[0],"3":[0,0],"4":[0,0],"5":[0,0],"6":[0,0],"7":[0],"8":[0,0],"9":[0],"10":[0,0],"11":[0,0],"12":[0,0],"13":[0,0],"14":[0],"15":[0,0],"16":[0]}}
,"C:\\Proyectos\\tareadebd2\\Reserva-Inteligente\\src\\users\\users.routes.ts": {"path":"C:\\Proyectos\\tareadebd2\\Reserva-Inteligente\\src\\users\\users.routes.ts","statementMap":{"0":{"start":{"line":1,"column":0},"end":{"line":1,"column":33}},"1":{"start":{"line":2,"column":0},"end":{"line":2,"column":62}},"2":{"start":{"line":3,"column":0},"end":{"line":3,"column":67}},"3":{"start":{"line":5,"column":15},"end":{"line":5,"column":23}},"4":{"start":{"line":7,"column":0},"end":{"line":7,"column":41}},"5":{"start":{"line":8,"column":0},"end":{"line":8,"column":47}},"6":{"start":{"line":9,"column":0},"end":{"line":9,"column":50}},"7":{"start":{"line":11,"column":0},"end":{"line":11,"column":22}}},"fnMap":{},"branchMap":{},"s":{"0":6,"1":6,"2":6,"3":6,"4":6,"5":6,"6":6,"7":6},"f":{},"b":{}}
}
